

     The data is read into a map
     representing the level. Each level will have
     a "Distance" value and a L1 and C1 value, a L1 and L2
     or a C1 C2 depending on whether two items are being formed
     into a single cluster (L1+L2), a single item is joining
     an existing cluster (L1+C1) or two clusters are joining
     (C1+C2).

0 0.0178
L 786
L 656
1 0.0302
L 495
L 501
2 0.0324
L 554
L 296
3 0.0331
L 593
L 795
4 0.0336
L 458
L 841
5 0.0381
L 821
L 379
6 0.0399
L 392
L 276
7 0.0399
L 588
L 589
8 0.0453
L 346
L 665
9 0.0472
L 75
L 289
10 0.04765
C 4
L 442
11 0.0485
L 791
L 290
12 0.0486
L 134
L 489
13 0.0519
L 294
L 374
14 0.0547
L 345
L 721
15 0.0563
L 172
L 144
16 0.0567
L 528
L 394
17 0.0574
L 498
L 315
18 0.0577
L 491
L 592
19 0.0585
L 369
L 284
20 0.0595
L 690
L 50
21 0.05985
C 3
L 722
22 0.06
L 316
C 7
23 0.0606
L 599
C 2
24 0.0647
L 347
C 19
25 0.0654
L 404
L 147
26 0.0656
L 28
L 373
27 0.0659
L 525
L 403
28 0.0662
L 726
L 834
29 0.0665
L 86
L 618
30 0.068
L 78
L 71
31 0.0682
L 778
L 779
32 0.0717
L 205
L 483
33 0.0719
L 52
L 356
34 0.0721833
C 1
C 21
35 0.0725
L 109
L 106
36 0.0742
C 26
L 350
37 0.0783
L 287
L 796
38 0.0797
L 285
C 14
39 0.0836
L 417
L 72
40 0.0852
L 527
L 439
41 0.0856
L 549
L 518
42 0.0862
L 199
L 219
43 0.0924
L 70
L 131
44 0.09399
C 18
C 34
45 0.0946
L 343
L 504
46 0.0969
L 297
L 382
47 0.09695
C 9
L 794
48 0.0972
L 798
L 799
49 0.098
L 98
L 35
50 0.09825
C 13
L 684
51 0.0992
L 277
L 169
52 0.1012
L 901
L 889
53 0.1022
L 203
L 173
54 0.1023
L 435
L 268
55 0.105
L 281
L 317
56 0.1055
L 132
L 418
57 0.1064
L 135
L 280
58 0.1064
L 481
L 510
59 0.107
L 792
L 591
60 0.1117
L 149
L 333
61 0.1129
L 603
L 748
62 0.114733
C 50
L 875
63 0.1157
L 375
C 5
64 0.1195
L 235
L 514
65 0.1202
L 432
C 25
66 0.121
L 590
L 133
67 0.1231
L 218
L 633
68 0.1256
L 750
C 22
69 0.1264
L 584
L 299
70 0.1315
L 645
L 348
71 0.131733
L 171
C 38
72 0.1367
L 247
L 250
73 0.137
L 92
L 867
74 0.1378
L 813
L 101
75 0.137933
C 65
L 405
76 0.1382
L 831
L 833
77 0.1389
L 542
L 844
78 0.139
L 544
L 724
79 0.14
L 352
L 167
80 0.143092
C 71
C 24
81 0.1432
L 217
L 215
82 0.1434
L 257
L 253
83 0.145375
C 53
C 8
84 0.1454
C 11
L 189
85 0.1459
L 762
L 582
86 0.1467
L 869
L 396
87 0.1484
L 441
L 681
88 0.1488
L 349
L 384
89 0.14975
C 78
C 28
90 0.14985
L 800
C 48
91 0.1501
L 142
L 355
92 0.1511
C 12
L 438
93 0.151175
C 68
L 500
94 0.152283
C 63
C 77
95 0.1526
C 49
L 155
96 0.1528
L 412
L 30
97 0.1534
L 715
L 738
98 0.1537
L 477
L 397
99 0.1549
L 156
L 161
100 0.1553
L 790
C 23
101 0.1555
L 714
L 717
102 0.15615
C 17
C 43
103 0.1567
L 342
L 787
104 0.1568
L 141
L 661
105 0.157
L 376
L 540
106 0.15745
L 426
C 74
107 0.1579
L 174
C 76
108 0.1589
L 565
L 424
109 0.15895
L 434
C 69
110 0.15915
C 61
L 739
111 0.15925
C 56
C 55
112 0.1593
L 519
L 524
113 0.1607
L 899
L 885
114 0.1611
L 385
L 386
115 0.1653
L 622
L 678
116 0.16605
L 897
C 113
117 0.1661
L 605
L 627
118 0.167
L 202
L 406
119 0.16935
L 753
C 70
120 0.1711
L 707
L 214
121 0.1714
L 854
L 676
122 0.1714
L 497
C 66
123 0.171625
C 57
C 59
124 0.1717
L 456
L 455
125 0.172
L 212
L 211
126 0.17215
C 45
L 288
127 0.17415
C 15
C 80
128 0.174571
C 39
C 44
129 0.1764
L 600
L 602
130 0.1765
L 269
L 851
131 0.1768
L 176
L 380
132 0.1779
L 170
C 83
133 0.1782
L 793
L 286
134 0.1795
L 330
L 617
135 0.1809
L 728
L 729
136 0.1813
C 129
L 607
137 0.1822
L 640
L 604
138 0.1836
L 400
L 832
139 0.184
L 473
C 58
140 0.1859
L 436
L 310
141 0.1864
C 46
L 845
142 0.18705
L 249
C 97
143 0.1881
L 552
L 567
144 0.1891
L 185
L 184
145 0.1894
L 576
L 579
146 0.1895
L 461
L 419
147 0.1906
L 759
L 870
148 0.1907
L 764
L 765
149 0.190725
L 278
C 89
150 0.191517
C 116
C 52
151 0.19254
C 126
C 132
152 0.193267
L 749
C 119
153 0.195094
C 123
C 102
154 0.1965
L 223
L 485
155 0.19715
C 91
C 33
156 0.1974
L 752
L 393
157 0.1983
L 411
L 89
158 0.1987
L 267
L 265
159 0.2
L 222
L 433
160 0.2004
L 260
L 703
161 0.201456
C 107
C 84
162 0.202
L 157
L 159
163 0.202
L 861
L 479
164 0.2021
L 557
L 556
165 0.2029
L 263
L 538
166 0.2035
L 34
L 733
167 0.204192
C 111
C 122
168 0.2061
L 243
L 244
169 0.2063
L 255
L 256
170 0.2067
L 29
L 459
171 0.20675
L 136
C 51
172 0.20745
L 829
C 105
173 0.2076
L 377
L 415
174 0.2084
L 407
L 410
175 0.2084
L 558
L 628
176 0.2086
L 516
L 465
177 0.209625
C 155
L 54
178 0.2098
C 101
L 252
179 0.210325
C 62
C 54
180 0.21055
L 586
C 85
181 0.2111
L 815
L 507
182 0.2115
L 745
L 601
183 0.2119
L 454
L 242
184 0.2135
L 295
C 172
185 0.214675
C 20
C 31
186 0.2163
C 114
L 387
187 0.2173
L 773
L 192
188 0.21785
C 117
L 742
189 0.220104
C 153
C 47
190 0.221
C 79
L 457
191 0.2211
L 827
L 378
192 0.2241
L 186
L 658
193 0.224133
C 136
L 608
194 0.2256
L 183
L 662
195 0.2265
C 142
C 183
196 0.227869
C 152
C 127
197 0.228
L 151
L 880
198 0.2283
L 706
L 190
199 0.231267
C 106
C 139
200 0.2319
L 282
C 131
201 0.2324
L 388
L 598
202 0.2327
L 312
L 324
203 0.234
L 370
L 163
204 0.2341
L 168
L 643
205 0.2346
L 323
L 577
206 0.2367
L 402
L 872
207 0.2372
L 427
L 204
208 0.23735
C 158
L 266
209 0.2376
L 129
L 73
210 0.23815
C 109
C 184
211 0.240142
C 167
C 189
212 0.2404
L 874
L 876
213 0.2404
L 871
C 86
214 0.2405
L 886
L 484
215 0.241067
C 110
L 626
216 0.2426
L 145
C 118
217 0.2431
C 98
L 97
218 0.2432
C 94
L 175
219 0.243638
C 75
C 174
220 0.24415
C 160
L 476
221 0.24485
C 163
L 366
222 0.245367
L 713
C 178
223 0.2465
L 705
L 100
224 0.247094
C 209
C 128
225 0.24735
C 72
L 251
226 0.2484
L 711
L 716
227 0.2497
L 96
C 159
228 0.25
C 181
C 95
229 0.2502
L 194
C 176
230 0.2513
L 683
C 191
231 0.2517
L 122
C 115
232 0.253117
C 161
L 193
233 0.2534
L 246
L 245
234 0.2542
L 65
L 33
235 0.2558
L 20
L 659
236 0.2563
L 846
L 710
237 0.257741
C 92
C 211
238 0.25875
C 108
L 425
239 0.25885
C 73
L 103
240 0.2589
C 217
L 464
241 0.25895
C 207
L 372
242 0.2603
C 168
C 195
243 0.261533
C 171
L 360
244 0.2616
L 460
L 571
245 0.2625
C 60
C 214
246 0.26285
C 148
L 763
247 0.263767
C 238
L 564
248 0.264
L 358
C 90
249 0.26475
C 104
L 572
250 0.2663
L 344
C 87
251 0.2673
L 191
C 232
252 0.267933
C 200
C 36
253 0.2699
L 649
L 808
254 0.27
L 66
L 206
255 0.2705
L 113
L 642
256 0.2705
L 850
L 674
257 0.2706
L 39
L 38
258 0.2706
L 689
L 550
259 0.2722
L 111
L 306
260 0.2722
L 670
L 428
261 0.27492
C 150
L 900
262 0.275508
C 196
L 723
263 0.2756
C 165
L 535
264 0.2767
L 570
L 560
265 0.278591
C 224
L 130
266 0.278633
L 409
C 241
267 0.2797
C 223
L 429
268 0.2798
L 621
L 420
269 0.279856
C 199
C 239
270 0.2803
L 580
L 180
271 0.280543
C 210
L 644
272 0.28105
L 430
C 147
273 0.28185
L 595
C 192
274 0.2829
L 863
C 221
275 0.284025
C 264
C 143
276 0.2841
L 12
L 563
277 0.2845
L 196
L 150
278 0.2847
C 82
C 242
279 0.285275
C 99
C 162
280 0.2854
L 619
L 74
281 0.286
L 480
L 413
282 0.287119
C 198
C 251
283 0.2881
L 210
L 472
284 0.2888
L 118
C 6
285 0.2891
L 233
L 445
286 0.2891
L 51
C 177
287 0.291092
C 121
C 219
288 0.2912
L 732
L 24
289 0.2914
L 881
L 882
290 0.2917
C 208
C 263
291 0.29175
C 100
C 134
292 0.2924
L 367
L 668
293 0.293
C 277
L 887
294 0.2932
C 42
L 188
295 0.2954
L 308
L 828
296 0.295967
C 272
C 245
297 0.2971
L 466
L 449
298 0.2973
L 42
L 533
299 0.2988
C 222
L 859
300 0.300683
C 278
C 226
301 0.3011
L 687
C 37
302 0.30205
L 555
C 201
303 0.3031
L 835
C 204
304 0.3032
L 381
C 262
305 0.3033
L 747
L 740
306 0.3043
L 228
L 76
307 0.304676
C 269
C 228
308 0.3061
L 609
C 170
309 0.30615
C 255
L 641
310 0.309217
C 213
C 234
311 0.3098
L 708
C 0
312 0.3121
L 691
L 898
313 0.3123
C 300
L 5
314 0.3139
L 503
L 493
315 0.3145
C 275
L 569
316 0.314507
C 304
L 760
317 0.3161
L 873
L 757
318 0.3165
L 805
L 819
319 0.3169
L 884
C 197
320 0.3171
L 341
L 209
321 0.3175
L 319
C 145
322 0.31796
L 241
C 299
323 0.3184
L 37
L 115
324 0.31855
L 868
C 32
325 0.319
L 146
L 363
326 0.3197
L 195
L 803
327 0.320196
C 280
C 265
328 0.32035
C 154
L 416
329 0.3207
L 93
L 478
330 0.32155
L 314
C 130
331 0.321983
L 877
C 218
332 0.3221
L 440
L 124
333 0.3222
C 266
C 203
334 0.3231
C 120
C 316
335 0.3235
L 744
L 743
336 0.323633
C 10
L 686
337 0.324333
C 227
L 153
338 0.324367
L 119
C 231
339 0.3252
L 666
L 506
340 0.3259
L 735
L 40
341 0.3269
L 777
L 720
342 0.327
L 737
L 573
343 0.328
L 32
L 505
344 0.3282
L 264
L 536
345 0.3282
L 892
L 893
346 0.328508
C 225
C 313
347 0.3286
L 408
L 230
348 0.32875
L 283
C 157
349 0.329497
C 151
C 334
350 0.33035
C 283
L 594
351 0.330375
L 275
C 193
352 0.3326
L 138
L 768
353 0.333567
C 237
L 391
354 0.33372
L 494
C 149
355 0.33485
C 135
L 638
356 0.33522
C 233
C 346
357 0.335788
C 141
C 271
358 0.3359
L 496
L 160
359 0.336675
L 401
C 240
360 0.3383
L 817
L 818
361 0.33855
C 187
C 185
362 0.3388
L 866
L 865
363 0.3391
L 611
L 23
364 0.339571
C 169
C 356
365 0.33999
C 175
C 315
366 0.340193
C 312
C 296
367 0.3407
L 825
L 810
368 0.3411
L 781
C 138
369 0.3419
L 31
L 697
370 0.3427
L 468
L 470
371 0.3432
L 258
L 368
372 0.343483
C 322
L 574
373 0.3435
C 215
L 783
374 0.344
L 509
L 154
375 0.344417
C 173
C 250
376 0.3445
L 816
L 543
377 0.3445
L 774
L 860
378 0.3445
C 297
C 182
379 0.3449
C 260
L 365
380 0.3465
L 164
L 234
381 0.347511
C 324
C 293
382 0.3476
L 327
L 307
383 0.348
L 523
L 44
384 0.348071
C 331
L 878
385 0.3498
L 227
L 614
386 0.3502
L 64
L 262
387 0.35075
C 144
L 187
388 0.3511
L 143
L 390
389 0.3513
L 437
L 526
390 0.35145
L 522
C 244
391 0.3515
L 165
C 81
392 0.3526
C 309
L 81
393 0.3527
L 610
L 313
394 0.3527
C 311
L 840
395 0.353271
L 452
C 372
396 0.354314
C 364
C 291
397 0.35452
C 351
C 298
398 0.355
L 88
L 770
399 0.355
L 248
L 675
400 0.3551
L 326
L 453
401 0.355433
C 321
C 270
402 0.3556
L 531
L 490
403 0.357
L 423
L 105
404 0.357
C 133
L 685
405 0.35725
L 731
C 342
406 0.35985
L 548
C 332
407 0.3607
C 247
L 127
408 0.360925
L 664
C 274
409 0.361525
C 235
C 320
410 0.3622
L 741
L 486
411 0.3624
L 107
L 769
412 0.3626
L 200
L 823
413 0.36315
C 363
L 447
414 0.3634
L 696
L 462
415 0.3636
L 77
L 475
416 0.363633
C 366
C 40
417 0.3638
L 448
L 755
418 0.365883
C 319
C 261
419 0.36629
C 310
C 360
420 0.36675
C 381
L 67
421 0.367105
C 252
C 349
422 0.367376
C 405
C 397
423 0.3674
L 236
L 561
424 0.3675
L 679
L 450
425 0.367833
C 303
L 559
426 0.3679
L 336
L 148
427 0.36805
L 207
C 156
428 0.36875
L 158
C 285
429 0.369
L 515
C 103
430 0.3692
C 137
L 17
431 0.36954
L 18
C 407
432 0.3697
C 267
L 198
433 0.3697
L 27
L 789
434 0.3699
C 406
L 646
435 0.37
L 125
L 780
436 0.37165
L 128
C 341
437 0.3717
L 620
L 329
438 0.3726
L 652
L 655
439 0.3729
L 10
L 114
440 0.373
L 232
L 331
441 0.373375
C 394
L 502
442 0.3737
L 4
L 11
443 0.374533
C 302
C 423
444 0.3746
L 298
L 546
445 0.3747
L 615
L 700
446 0.375
C 286
C 249
447 0.375133
L 669
C 190
448 0.375133
C 350
L 672
449 0.37645
L 469
C 370
450 0.376485
C 357
C 179
451 0.377067
L 321
C 186
452 0.3776
C 236
L 443
453 0.3777
L 537
L 862
454 0.3781
L 58
L 637
455 0.3789
L 99
L 771
456 0.378903
C 354
C 93
457 0.3792
C 387
C 206
458 0.3794
L 43
L 766
459 0.3795
L 197
L 259
460 0.380125
C 434
L 698
461 0.380189
C 382
C 327
462 0.3803
L 839
L 709
463 0.380367
C 412
C 328
464 0.3813
C 88
L 225
465 0.3817
L 224
C 166
466 0.3827
L 788
C 401
467 0.3832
C 317
L 56
468 0.3833
L 521
L 532
469 0.384025
L 671
C 425
470 0.38435
C 258
L 639
471 0.3846
L 62
L 22
472 0.3846
L 547
L 421
473 0.3849
L 775
L 19
474 0.3852
L 3
L 414
475 0.386233
C 229
C 41
476 0.3863
L 291
L 270
477 0.386633
L 553
C 391
478 0.3869
L 55
L 677
479 0.3871
L 398
L 2
480 0.3874
L 123
L 806
481 0.38764
C 359
C 374
482 0.388
L 13
L 855
483 0.3882
L 353
L 229
484 0.38915
L 36
C 402
485 0.38922
C 408
L 301
486 0.3894
C 451
L 830
487 0.389601
C 396
C 395
488 0.389957
L 226
C 419
489 0.3909
L 273
L 482
490 0.3912
C 287
L 725
491 0.3915
C 256
L 842
492 0.3917
L 824
L 596
493 0.3921
L 820
L 597
494 0.392395
C 379
C 420
495 0.3926
L 271
L 624
496 0.393467
L 45
C 284
497 0.393731
C 461
L 651
498 0.3938
C 377
C 371
499 0.3942
L 883
L 657
500 0.3945
L 718
L 758
501 0.39451
C 348
C 282
502 0.3946
L 467
L 784
503 0.3949
C 216
C 180
504 0.395075
C 292
C 476
505 0.3952
L 511
L 116
506 0.3959
L 890
L 48
507 0.396012
C 352
C 488
508 0.3964
L 335
L 201
509 0.3965
L 804
L 91
510 0.396725
L 121
C 338
511 0.39685
L 320
C 344
512 0.397277
C 443
C 365
513 0.3975
L 304
L 688
514 0.39795
L 848
C 442
515 0.3983
L 108
L 332
516 0.398337
C 445
C 448
517 0.39835
L 802
C 253
518 0.3984
L 178
L 364
519 0.3984
L 139
L 663
520 0.4004
L 61
L 300
521 0.40105
L 120
C 424
522 0.40125
L 254
C 400
523 0.4014
L 530
L 529
524 0.40145
L 822
C 318
525 0.4015
C 361
L 328
526 0.4016
L 807
L 517
527 0.40195
C 276
L 761
528 0.40215
C 386
L 539
529 0.402675
C 205
C 415
530 0.4027
L 545
L 634
531 0.40275
L 340
C 112
532 0.404
C 509
L 337
533 0.40405
C 125
L 104
534 0.4049
L 693
L 782
535 0.4053
L 389
L 694
536 0.406
C 124
L 702
537 0.406783
C 428
C 343
538 0.407
C 333
C 254
539 0.4075
L 578
L 847
540 0.40795
C 337
C 472
541 0.408067
C 220
L 261
542 0.4087
L 785
L 338
543 0.4088
C 288
L 26
544 0.409275
L 357
C 248
545 0.41045
C 281
L 814
546 0.4109
L 371
L 894
547 0.411
L 303
L 756
548 0.411048
C 490
C 301
549 0.4116
C 330
C 516
550 0.4116
L 864
C 417
551 0.412133
C 531
L 110
552 0.412258
C 392
C 514
553 0.412667
C 467
L 41
554 0.412733
L 25
C 427
555 0.412733
L 213
C 430
556 0.41295
C 483
L 492
557 0.413
L 692
L 704
558 0.413056
C 522
C 246
559 0.4134
L 292
L 699
560 0.413428
C 446
C 388
561 0.4137
C 369
L 82
562 0.4138
L 309
L 635
563 0.4139
L 776
L 220
564 0.414
C 499
L 625
565 0.41435
C 305
L 6
566 0.4144
L 630
L 636
567 0.4147
L 852
C 435
568 0.414725
C 35
C 540
569 0.4148
L 843
L 754
570 0.414954
C 431
C 279
571 0.414967
L 727
C 404
572 0.41505
C 463
C 505
573 0.4151
L 826
C 474
574 0.4157
L 49
L 856
575 0.41595
C 202
L 631
576 0.416825
C 529
L 94
577 0.417117
C 473
C 368
578 0.4172
L 69
L 63
579 0.4175
L 616
L 395
580 0.417585
C 454
C 507
581 0.417767
L 566
C 470
582 0.418
L 318
C 380
583 0.41885
C 440
C 519
584 0.41895
C 393
L 857
585 0.41933
C 460
C 306
586 0.4196
L 14
L 746
587 0.41988
C 486
C 479
588 0.419933
C 268
C 503
589 0.420333
C 413
L 21
590 0.4206
L 102
L 95
591 0.4208
C 538
L 667
592 0.420967
C 308
L 568
593 0.4211
L 767
L 293
594 0.421733
L 647
C 290
595 0.42175
L 87
C 471
596 0.4218
L 83
L 126
597 0.42215
L 587
C 289
598 0.422333
L 772
C 466
599 0.42235
L 837
C 414
600 0.42245
L 695
C 535
601 0.4229
L 59
L 838
602 0.4232
L 240
L 239
603 0.423521
C 212
C 450
604 0.423707
C 494
C 243
605 0.423717
C 383
C 527
606 0.424
L 68
C 530
607 0.424047
C 390
C 487
608 0.4242
L 680
C 367
609 0.4244
L 60
L 237
610 0.42625
C 398
L 302
611 0.426366
L 351
C 421
612 0.426531
C 501
L 836
613 0.4266
C 513
C 389
614 0.4272
C 325
L 879
615 0.4277
C 230
L 623
616 0.4278
L 90
L 162
617 0.427963
C 339
C 580
618 0.428225
C 489
C 432
619 0.428364
C 485
C 525
620 0.428558
C 611
C 375
621 0.428562
C 465
C 307
622 0.4287
L 583
C 385
623 0.429733
C 188
L 84
624 0.4302
L 339
C 493
625 0.4312
L 112
C 478
626 0.4315
L 46
L 751
627 0.4318
L 712
C 517
628 0.43195
C 437
C 533
629 0.43205
C 146
C 508
630 0.432517
C 561
C 96
631 0.433229
C 585
L 16
632 0.43335
L 858
C 453
633 0.43335
C 589
C 452
634 0.433875
C 399
C 426
635 0.434633
L 383
C 429
636 0.4348
L 512
L 231
637 0.43515
L 8
C 515
638 0.43532
C 528
C 441
639 0.4355
L 701
C 586
640 0.4356
C 526
C 64
641 0.435835
C 403
C 570
642 0.435933
C 521
C 492
643 0.435938
C 581
C 259
644 0.436025
C 604
C 358
645 0.436167
C 572
C 549
646 0.436376
C 457
C 469
647 0.4364
L 734
L 534
648 0.4367
L 575
C 449
649 0.436708
C 491
C 477
650 0.4377
C 439
L 606
651 0.437833
C 582
L 562
652 0.438025
L 311
C 631
653 0.438125
C 409
L 613
654 0.438317
C 511
C 27
655 0.438733
L 648
C 608
656 0.43906
C 373
L 488
657 0.43935
C 550
C 480
658 0.440375
C 553
C 273
659 0.4404
L 499
L 359
660 0.4406
L 177
L 325
661 0.440609
C 645
C 497
662 0.441
L 361
C 594
663 0.4412
L 474
C 416
664 0.4414
L 79
L 140
665 0.441525
C 378
C 438
666 0.44175
L 221
C 495
667 0.442
L 682
L 279
668 0.44275
L 422
C 520
669 0.442867
C 524
L 650
670 0.4438
L 179
L 53
671 0.44395
L 117
C 444
672 0.444017
L 305
C 641
673 0.44405
L 797
C 559
674 0.44445
C 614
C 534
675 0.4452
C 329
L 849
676 0.445224
C 617
C 628
677 0.445433
C 551
C 606
678 0.446244
L 7
C 591
679 0.44625
C 257
C 30
680 0.446875
C 541
L 322
681 0.447094
C 603
C 384
682 0.44777
C 518
C 605
683 0.44795
C 555
C 455
684 0.44805
C 616
C 536
685 0.44855
L 238
C 140
686 0.4491
L 508
L 9
687 0.4497
L 487
L 891
688 0.45
L 629
L 653
689 0.450567
L 888
C 663
690 0.450763
C 506
C 496
691 0.45085
C 547
L 581
692 0.451311
C 652
C 634
693 0.4517
L 431
C 484
694 0.452393
C 633
C 656
695 0.452524
C 598
C 607
696 0.452729
C 587
L 137
697 0.45288
C 654
L 612
698 0.45305
C 504
L 520
699 0.453186
C 558
C 658
700 0.45341
C 576
C 458
701 0.4537
L 57
L 632
702 0.454
L 47
L 272
703 0.45437
C 568
C 475
704 0.454412
C 583
C 665
705 0.454562
C 498
C 347
706 0.45484
C 577
C 436
707 0.454988
L 654
C 638
708 0.455673
C 456
C 653
709 0.45605
C 573
C 512
710 0.4565
C 648
L 463
711 0.4566
L 444
L 660
712 0.457671
L 208
C 481
713 0.45885
C 67
C 566
714 0.4589
C 323
C 411
715 0.459133
C 707
C 194
716 0.45945
L 182
C 468
717 0.459533
C 595
L 446
718 0.459667
C 650
C 433
719 0.45967
C 588
C 649
720 0.4598
L 896
L 354
721 0.460105
C 699
C 584
722 0.460487
C 683
C 544
723 0.460945
C 362
C 560
724 0.4612
C 546
L 15
725 0.461386
C 691
C 552
726 0.462308
C 593
C 672
727 0.46235
C 602
C 642
728 0.462425
C 635
C 462
729 0.462778
C 565
C 575
730 0.462838
C 592
C 164
731 0.463111
C 625
C 597
732 0.46325
C 693
L 809
733 0.463261
C 646
C 661
734 0.463562
C 621
C 644
735 0.464869
C 639
C 709
736 0.4654
C 624
C 601
737 0.465675
C 632
C 662
738 0.4662
C 459
L 853
739 0.466263
C 719
C 630
740 0.46629
C 690
C 548
741 0.467878
C 737
C 696
742 0.468575
C 667
C 482
743 0.4686
C 340
C 295
744 0.469033
C 502
C 355
745 0.47
C 345
L 719
746 0.470444
C 721
C 579
747 0.470703
C 537
C 723
748 0.47085
L 181
C 569
749 0.4712
L 85
C 668
750 0.471423
C 676
C 733
751 0.471425
C 613
C 655
752 0.472189
C 610
C 637
753 0.472278
C 740
C 716
754 0.47242
C 701
C 736
755 0.47265
C 659
C 532
756 0.472711
C 703
C 692
757 0.4733
C 727
C 675
758 0.473596
C 674
C 704
759 0.474108
C 599
C 571
760 0.474167
C 335
C 622
761 0.475044
C 742
C 717
762 0.475317
C 556
C 539
763 0.47546
C 410
C 422
764 0.476737
C 542
C 726
765 0.476789
C 567
C 545
766 0.477575
C 600
C 336
767 0.478038
C 714
C 660
768 0.47814
C 657
C 669
769 0.47835
L 334
C 697
770 0.47985
L 812
C 643
771 0.479875
C 326
C 651
772 0.480133
C 685
C 678
773 0.480359
C 677
C 739
774 0.480469
C 679
C 615
775 0.481541
C 418
C 673
776 0.4825
L 730
L 585
777 0.483811
C 706
C 694
778 0.484333
C 724
C 557
779 0.485247
C 725
C 682
780 0.485275
C 728
C 29
781 0.4854
C 574
C 666
782 0.485915
C 760
C 554
783 0.486898
C 722
C 755
784 0.48728
C 710
C 670
785 0.488135
C 563
C 757
786 0.488168
C 764
C 500
787 0.488307
C 758
C 687
788 0.488518
C 647
C 741
789 0.488952
C 731
C 769
790 0.4892
C 664
L 362
791 0.4892
C 711
C 686
792 0.489343
C 700
C 16
793 0.491019
C 671
C 768
794 0.491081
L 811
C 708
795 0.491185
C 749
C 698
796 0.49131
C 620
C 759
797 0.491853
C 294
C 744
798 0.492062
C 735
C 772
799 0.4923
C 590
L 551
800 0.492695
C 715
C 756
801 0.492854
C 734
C 689
802 0.494475
L 895
C 627
803 0.4951
L 399
C 618
804 0.497021
C 543
C 353
805 0.497212
C 785
C 695
806 0.49755
L 801
C 523
807 0.498062
C 609
C 761
808 0.49815
L 274
C 596
809 0.498875
C 765
C 791
810 0.498947
C 778
C 745
811 0.499151
C 750
C 783
812 0.499165
C 794
C 688
813 0.49937
C 786
C 770
814 0.49975
L 80
C 626
815 0.500743
L 152
C 784
816 0.500773
C 779
C 762
817 0.500964
C 788
C 771
818 0.500985
L 513
C 681
819 0.501925
C 629
C 636
820 0.502444
C 619
C 564
821 0.50261
C 680
C 623
822 0.503254
C 773
C 748
823 0.504434
C 820
C 562
824 0.50449
C 763
C 718
825 0.504637
C 713
C 447
826 0.504981
C 805
C 782
827 0.505389
C 777
C 817
828 0.505463
C 464
C 815
829 0.505783
C 712
C 752
830 0.505823
C 807
C 640
831 0.506506
C 751
C 822
832 0.507119
C 753
L 166
833 0.508358
C 795
C 796
834 0.50875
C 767
C 792
835 0.509382
C 823
C 732
836 0.510307
C 781
C 775
837 0.510553
C 787
C 816
838 0.51185
C 702
C 705
839 0.5125
L 541
C 789
840 0.512638
C 746
C 811
841 0.512832
C 826
C 831
842 0.513763
C 730
C 800
843 0.515588
C 797
C 729
844 0.515618
C 818
L 673
845 0.5167
L 451
L 736
846 0.517323
C 774
C 813
847 0.517559
C 747
C 684
848 0.517631
C 830
C 839
849 0.518875
C 841
C 754
850 0.519026
C 793
C 836
851 0.519907
C 612
C 801
852 0.520142
C 780
C 809
853 0.520465
C 803
C 844
854 0.52295
C 842
C 840
855 0.523448
C 812
C 827
856 0.523862
C 798
C 849
857 0.524785
C 835
C 766
858 0.529158
C 802
C 824
859 0.529523
C 828
C 856
860 0.53185
C 314
C 578
861 0.532532
C 720
C 837
862 0.534674
C 847
L 471
863 0.53518
C 854
C 857
864 0.537167
C 833
C 851
865 0.537205
C 859
C 843
866 0.537806
C 776
C 810
867 0.540572
C 829
C 861
868 0.54124
C 855
C 510
869 0.5417
C 738
C 832
870 0.544789
C 868
C 850
871 0.545031
C 852
C 790
872 0.546412
C 819
C 860
873 0.5474
C 867
C 834
874 0.548573
C 862
C 853
875 0.548773
C 858
C 821
876 0.550097
C 870
C 863
877 0.550306
C 845
C 838
878 0.550757
C 799
C 866
879 0.551868
C 865
C 871
880 0.554659
C 846
C 879
881 0.556507
C 808
C 869
882 0.557722
C 825
C 743
883 0.558093
C 864
C 873
884 0.56226
C 877
C 878
885 0.565095
C 848
C 376
886 0.566423
C 814
C 880
887 0.570061
C 875
C 885
888 0.570661
C 881
C 886
889 0.572012
C 876
C 888
890 0.577692
C 889
C 874
891 0.578502
C 883
C 872
892 0.580706
C 890
C 891
893 0.597559
C 892
C 887
894 0.598106
C 882
C 884
895 0.61002
C 894
C 893
896 0.612576
C 895
C 804
897 0.625887
L 216
C 896
898 0.638754
C 897
C 806
