################################################################################
###                                                                          ###
###                               pose_filter                                ###
###             Copyright Schrodinger, LLC. All rights reserved.             ###
###                                                                          ###
################################################################################


pose_filter starting at Tue Feb  7 14:41:48 2023



[running at reduced cpu priority]
################################################################################
###                        PoseCriteria configuration                        ###
################################################################################
match: 2
recep_asl: ['res.num 155', 'res.num 157', 'res.num 88']
contact: []
hbond: [1, 2, 3]
ring: []
aromatic: []
hbond and ring: []
hbond_or_ring: []
hbond_and_aromatic: []
hbond_or_aromatic: []
contact distance: 5.0
ring distance: 5.0
aromatic distance: 5.0
hbond_dist_max: 2.5
hbond_donor_angle: 90.0
hbond_acceptor_angle: 60.0
Fail	80398_out_ligand_01.pdbqt
Fail	6622_out_ligand_01.pdbqt
Fail	80406_out_ligand_01.pdbqt
Fail	80410_out_ligand_01.pdbqt
Fail	80432_out_ligand_01.pdbqt
Fail	25945_out_ligand_01.pdbqt
Fail	9341_out_ligand_01.pdbqt
Fail	19171_out_ligand_01.pdbqt
Fail	83647_out_ligand_01.pdbqt
Fail	83639_out_ligand_01.pdbqt
Fail	2941_out_ligand_01.pdbqt
Fail	76875_out_ligand_01.pdbqt
Fail	78203_out_ligand_01.pdbqt
Fail	54394_out_ligand_01.pdbqt
Fail	83077_out_ligand_01.pdbqt
Fail	60734_out_ligand_01.pdbqt
Fail	76934_out_ligand_01.pdbqt
Fail	18905_out_ligand_01.pdbqt
Fail	49354_out_ligand_01.pdbqt
Fail	9655_out_ligand_01.pdbqt
Fail	6174_out_ligand_01.pdbqt
Fail	49866_out_ligand_01.pdbqt
Fail	66133_out_ligand_01.pdbqt
Fail	63806_out_ligand_01.pdbqt
Fail	4771_out_ligand_01.pdbqt
Fail	4277_out_ligand_01.pdbqt
Fail	49888_out_ligand_01.pdbqt
Fail	52595_out_ligand_01.pdbqt
Fail	74952_out_ligand_01.pdbqt
Fail	28316_out_ligand_01.pdbqt
Fail	44559_out_ligand_01.pdbqt
Fail	46868_out_ligand_01.pdbqt
Fail	20848_out_ligand_01.pdbqt
Fail	20844_out_ligand_01.pdbqt
Fail	20855_out_ligand_01.pdbqt
Fail	20862_out_ligand_01.pdbqt
Fail	20666_out_ligand_01.pdbqt
Fail	46913_out_ligand_01.pdbqt
Fail	46894_out_ligand_01.pdbqt
Fail	46862_out_ligand_01.pdbqt
Fail	14831_out_ligand_01.pdbqt
Fail	21787_out_ligand_01.pdbqt
Fail	813_out_ligand_01.pdbqt
Fail	7290_out_ligand_01.pdbqt
Fail	7529_out_ligand_01.pdbqt
Fail	24177_out_ligand_01.pdbqt
Fail	7697_out_ligand_01.pdbqt
Fail	5803_out_ligand_01.pdbqt
Fail	60424_out_ligand_01.pdbqt
Fail	20660_out_ligand_01.pdbqt
Fail	63185_out_ligand_01.pdbqt
Fail	42229_out_ligand_01.pdbqt
Fail	83500_out_ligand_01.pdbqt
Fail	83515_out_ligand_01.pdbqt
Fail	83477_out_ligand_01.pdbqt
Fail	30217_out_ligand_01.pdbqt
Fail	83579_out_ligand_01.pdbqt
Fail	70461_out_ligand_01.pdbqt
Fail	43278_out_ligand_01.pdbqt
Fail	43747_out_ligand_01.pdbqt
Fail	4507_out_ligand_01.pdbqt
Fail	43237_out_ligand_01.pdbqt
Fail	70015_out_ligand_01.pdbqt
Fail	76903_out_ligand_01.pdbqt
Fail	43516_out_ligand_01.pdbqt
Fail	2025_out_ligand_01.pdbqt
Fail	1381_out_ligand_01.pdbqt
Fail	34000_out_ligand_01.pdbqt
Fail	528_out_ligand_01.pdbqt
Fail	417_out_ligand_01.pdbqt
Fail	40746_out_ligand_01.pdbqt
Fail	57378_out_ligand_01.pdbqt
Fail	2723_out_ligand_01.pdbqt
Fail	29418_out_ligand_01.pdbqt
Fail	56211_out_ligand_01.pdbqt
Fail	76990_out_ligand_01.pdbqt
Fail	65856_out_ligand_01.pdbqt
Fail	44751_out_ligand_01.pdbqt
Fail	10860_out_ligand_01.pdbqt
Fail	44914_out_ligand_01.pdbqt
Fail	9281_out_ligand_01.pdbqt
Fail	78647_out_ligand_01.pdbqt
Fail	33958_out_ligand_01.pdbqt
Fail	78758_out_ligand_01.pdbqt
Fail	9201_out_ligand_01.pdbqt
Fail	19510_out_ligand_01.pdbqt
Fail	57000_out_ligand_01.pdbqt
Fail	47967_out_ligand_01.pdbqt
Fail	24494_out_ligand_01.pdbqt
Fail	tr1395_out_ligand_01.pdbqt
Fail	68722_out_ligand_01.pdbqt
Fail	68775_out_ligand_01.pdbqt
Fail	4089_out_ligand_01.pdbqt
Fail	tr13124_out_ligand_01.pdbqt
Fail	53993_out_ligand_01.pdbqt
Fail	45217_out_ligand_01.pdbqt
Fail	28764_out_ligand_01.pdbqt
Fail	37012_out_ligand_01.pdbqt
Fail	39660_out_ligand_01.pdbqt
Fail	80811_out_ligand_01.pdbqt
Fail	29365_out_ligand_01.pdbqt
Fail	29235_out_ligand_01.pdbqt
Fail	81041_out_ligand_01.pdbqt
Fail	3051_out_ligand_01.pdbqt
Fail	45036_out_ligand_01.pdbqt
Fail	48942_out_ligand_01.pdbqt
Fail	48893_out_ligand_01.pdbqt
Fail	15712_out_ligand_01.pdbqt
Fail	40410_out_ligand_01.pdbqt
Fail	3598_out_ligand_01.pdbqt
Fail	563_out_ligand_01.pdbqt
Fail	3037_out_ligand_01.pdbqt
Fail	2999_out_ligand_01.pdbqt
Fail	41272_out_ligand_01.pdbqt
Fail	28220_out_ligand_01.pdbqt
Fail	20423_out_ligand_01.pdbqt
Fail	20425_out_ligand_01.pdbqt
Fail	66758_out_ligand_01.pdbqt
Fail	42127_out_ligand_01.pdbqt
Fail	23998_out_ligand_01.pdbqt
Fail	49496_out_ligand_01.pdbqt
Fail	52969_out_ligand_01.pdbqt
Fail	76248_out_ligand_01.pdbqt
Fail	38657_out_ligand_01.pdbqt
Fail	72743_out_ligand_01.pdbqt
Fail	12447_out_ligand_01.pdbqt
Fail	33723_out_ligand_01.pdbqt
Fail	45344_out_ligand_01.pdbqt
Fail	17398_out_ligand_01.pdbqt
Fail	30002_out_ligand_01.pdbqt
Fail	19416_out_ligand_01.pdbqt
Fail	18091_out_ligand_01.pdbqt
Fail	18072_out_ligand_01.pdbqt
Fail	862_out_ligand_01.pdbqt
Fail	62297_out_ligand_01.pdbqt
Fail	75330_out_ligand_01.pdbqt
Fail	45145_out_ligand_01.pdbqt
Fail	66726_out_ligand_01.pdbqt
Fail	19730_out_ligand_01.pdbqt
Fail	13366_out_ligand_01.pdbqt
Fail	28130_out_ligand_01.pdbqt
Fail	28148_out_ligand_01.pdbqt
Fail	12478_out_ligand_01.pdbqt
Fail	63701_out_ligand_01.pdbqt
Fail	44500_out_ligand_01.pdbqt
Fail	69210_out_ligand_01.pdbqt
Fail	45617_out_ligand_01.pdbqt
Fail	45609_out_ligand_01.pdbqt
Fail	13694_out_ligand_01.pdbqt
Fail	28763_out_ligand_01.pdbqt
Fail	39613_out_ligand_01.pdbqt
Fail	6328_out_ligand_01.pdbqt
Fail	11868_out_ligand_01.pdbqt
Fail	28780_out_ligand_01.pdbqt
Fail	11849_out_ligand_01.pdbqt
Fail	28779_out_ligand_01.pdbqt
Fail	3204_out_ligand_01.pdbqt
Fail	28785_out_ligand_01.pdbqt
Fail	3203_out_ligand_01.pdbqt
Fail	50696_out_ligand_01.pdbqt
Fail	62538_out_ligand_01.pdbqt
Fail	3215_out_ligand_01.pdbqt
Fail	46990_out_ligand_01.pdbqt
Fail	3101_out_ligand_01.pdbqt
Fail	65271_out_ligand_01.pdbqt
Fail	74973_out_ligand_01.pdbqt
Fail	74963_out_ligand_01.pdbqt
Fail	15101_out_ligand_01.pdbqt
Fail	66059_out_ligand_01.pdbqt
Fail	40156_out_ligand_01.pdbqt
Fail	74824_out_ligand_01.pdbqt
Fail	40668_out_ligand_01.pdbqt
Fail	446_out_ligand_01.pdbqt
Fail	83254_out_ligand_01.pdbqt
Fail	83307_out_ligand_01.pdbqt
Fail	26383_out_ligand_01.pdbqt
Fail	26167_out_ligand_01.pdbqt
Fail	495_out_ligand_01.pdbqt
Fail	27039_out_ligand_01.pdbqt
Fail	53791_out_ligand_01.pdbqt
Fail	57290_out_ligand_01.pdbqt
Fail	24662_out_ligand_01.pdbqt
Fail	75178_out_ligand_01.pdbqt
Fail	52897_out_ligand_01.pdbqt
Fail	67879_out_ligand_01.pdbqt
Fail	5122_out_ligand_01.pdbqt
Fail	84158_out_ligand_01.pdbqt
Fail	28504_out_ligand_01.pdbqt
Fail	28521_out_ligand_01.pdbqt
Fail	33675_out_ligand_01.pdbqt
Fail	35779_out_ligand_01.pdbqt
Fail	65969_out_ligand_01.pdbqt
Fail	16965_out_ligand_01.pdbqt
Fail	42455_out_ligand_01.pdbqt
Fail	12601_out_ligand_01.pdbqt
Fail	27986_out_ligand_01.pdbqt
Fail	42476_out_ligand_01.pdbqt
Fail	41430_out_ligand_01.pdbqt
Fail	14665_out_ligand_01.pdbqt
Fail	19425_out_ligand_01.pdbqt
Fail	65329_out_ligand_01.pdbqt
Fail	57409_out_ligand_01.pdbqt
Fail	45172_out_ligand_01.pdbqt
Fail	63803_out_ligand_01.pdbqt
Fail	57284_out_ligand_01.pdbqt
Fail	19135_out_ligand_01.pdbqt
Fail	42501_out_ligand_01.pdbqt
Fail	3582_out_ligand_01.pdbqt
Fail	75398_out_ligand_01.pdbqt
Fail	74606_out_ligand_01.pdbqt
Fail	74663_out_ligand_01.pdbqt
Fail	37119_out_ligand_01.pdbqt
Fail	674_out_ligand_01.pdbqt
Fail	60968_out_ligand_01.pdbqt
Fail	67407_out_ligand_01.pdbqt
Fail	42175_out_ligand_01.pdbqt
Fail	53833_out_ligand_01.pdbqt
Fail	74917_out_ligand_01.pdbqt
Fail	69688_out_ligand_01.pdbqt
Fail	63822_out_ligand_01.pdbqt
Fail	26927_out_ligand_01.pdbqt
Fail	26884_out_ligand_01.pdbqt
Fail	572_out_ligand_01.pdbqt
Fail	30495_out_ligand_01.pdbqt
Fail	19595_out_ligand_01.pdbqt
Fail	28165_out_ligand_01.pdbqt
Fail	75473_out_ligand_01.pdbqt
Fail	32379_out_ligand_01.pdbqt
Fail	691_out_ligand_01.pdbqt
Fail	50058_out_ligand_01.pdbqt
Fail	80324_out_ligand_01.pdbqt
Fail	63505_out_ligand_01.pdbqt
Fail	30344_out_ligand_01.pdbqt
Fail	30390_out_ligand_01.pdbqt
Fail	199_out_ligand_01.pdbqt
Fail	20020_out_ligand_01.pdbqt
Fail	20025_out_ligand_01.pdbqt
Fail	290_out_ligand_01.pdbqt
Fail	75555_out_ligand_01.pdbqt
Fail	50513_out_ligand_01.pdbqt
Fail	71591_out_ligand_01.pdbqt
Fail	31010_out_ligand_01.pdbqt
Fail	49634_out_ligand_01.pdbqt
Fail	70824_out_ligand_01.pdbqt
Fail	299_out_ligand_01.pdbqt
Fail	19951_out_ligand_01.pdbqt
Fail	67527_out_ligand_01.pdbqt
Fail	50661_out_ligand_01.pdbqt
Fail	52994_out_ligand_01.pdbqt
Fail	67548_out_ligand_01.pdbqt
Fail	38983_out_ligand_01.pdbqt
Fail	23612_out_ligand_01.pdbqt
Fail	49474_out_ligand_01.pdbqt
Fail	38795_out_ligand_01.pdbqt
Fail	55534_out_ligand_01.pdbqt
Fail	38661_out_ligand_01.pdbqt
Fail	54760_out_ligand_01.pdbqt
Fail	23454_out_ligand_01.pdbqt
Fail	38814_out_ligand_01.pdbqt
Fail	71138_out_ligand_01.pdbqt
Fail	56819_out_ligand_01.pdbqt
Fail	50127_out_ligand_01.pdbqt
Fail	19940_out_ligand_01.pdbqt
Fail	50129_out_ligand_01.pdbqt
Fail	19996_out_ligand_01.pdbqt
Fail	474_out_ligand_01.pdbqt
Fail	11222_out_ligand_01.pdbqt
Fail	67634_out_ligand_01.pdbqt
Fail	53595_out_ligand_01.pdbqt
Fail	26771_out_ligand_01.pdbqt
Fail	56846_out_ligand_01.pdbqt
Fail	784_out_ligand_01.pdbqt
Fail	7479_out_ligand_01.pdbqt
Fail	53357_out_ligand_01.pdbqt
Fail	55513_out_ligand_01.pdbqt
Fail	27614_out_ligand_01.pdbqt
Fail	75906_out_ligand_01.pdbqt
Fail	35362_out_ligand_01.pdbqt
Fail	20031_out_ligand_01.pdbqt
Fail	67579_out_ligand_01.pdbqt
Fail	19941_out_ligand_01.pdbqt
Fail	9213_out_ligand_01.pdbqt
Fail	67624_out_ligand_01.pdbqt
Fail	1134_out_ligand_01.pdbqt
Fail	20061_out_ligand_01.pdbqt
Fail	20068_out_ligand_01.pdbqt
Fail	53010_out_ligand_01.pdbqt
Fail	20062_out_ligand_01.pdbqt
Fail	52963_out_ligand_01.pdbqt
Fail	67639_out_ligand_01.pdbqt
Fail	71552_out_ligand_01.pdbqt
Fail	35378_out_ligand_01.pdbqt
Fail	521_out_ligand_01.pdbqt
Fail	20122_out_ligand_01.pdbqt
Fail	27711_out_ligand_01.pdbqt
Fail	52968_out_ligand_01.pdbqt
Fail	9270_out_ligand_01.pdbqt
Fail	20127_out_ligand_01.pdbqt
Fail	53022_out_ligand_01.pdbqt
Fail	50186_out_ligand_01.pdbqt
Fail	83304_out_ligand_01.pdbqt
Fail	2064_out_ligand_01.pdbqt
Fail	69676_out_ligand_01.pdbqt
Fail	6353_out_ligand_01.pdbqt
Fail	27569_out_ligand_01.pdbqt
Fail	19880_out_ligand_01.pdbqt
Fail	53497_out_ligand_01.pdbqt
Fail	53507_out_ligand_01.pdbqt
Fail	81567_out_ligand_01.pdbqt
Fail	64100_out_ligand_01.pdbqt
Fail	20039_out_ligand_01.pdbqt
Fail	50164_out_ligand_01.pdbqt
Fail	20104_out_ligand_01.pdbqt
Fail	40013_out_ligand_01.pdbqt
Fail	70628_out_ligand_01.pdbqt
Fail	71794_out_ligand_01.pdbqt
Fail	51181_out_ligand_01.pdbqt
Fail	70926_out_ligand_01.pdbqt
Fail	20064_out_ligand_01.pdbqt
Fail	318_out_ligand_01.pdbqt
Fail	50214_out_ligand_01.pdbqt
Fail	50026_out_ligand_01.pdbqt
Fail	52977_out_ligand_01.pdbqt
Fail	1971_out_ligand_01.pdbqt
Fail	20063_out_ligand_01.pdbqt
Fail	20128_out_ligand_01.pdbqt
Fail	49892_out_ligand_01.pdbqt
Fail	19873_out_ligand_01.pdbqt
Fail	51509_out_ligand_01.pdbqt
Fail	19872_out_ligand_01.pdbqt
Fail	49438_out_ligand_01.pdbqt
Fail	67528_out_ligand_01.pdbqt
Fail	909_out_ligand_01.pdbqt
Fail	50244_out_ligand_01.pdbqt
Fail	70650_out_ligand_01.pdbqt
Fail	20038_out_ligand_01.pdbqt
Fail	28552_out_ligand_01.pdbqt
Fail	20118_out_ligand_01.pdbqt
Fail	75352_out_ligand_01.pdbqt
Fail	56638_out_ligand_01.pdbqt
Fail	50018_out_ligand_01.pdbqt
Fail	50314_out_ligand_01.pdbqt
Fail	7596_out_ligand_01.pdbqt
Fail	45864_out_ligand_01.pdbqt
Fail	70509_out_ligand_01.pdbqt
Fail	38576_out_ligand_01.pdbqt
Fail	22208_out_ligand_01.pdbqt
Fail	358_out_ligand_01.pdbqt
Fail	24651_out_ligand_01.pdbqt
Fail	62428_out_ligand_01.pdbqt
Fail	39989_out_ligand_01.pdbqt
Fail	50918_out_ligand_01.pdbqt
Fail	761_out_ligand_01.pdbqt
Fail	9192_out_ligand_01.pdbqt
Fail	50013_out_ligand_01.pdbqt
Fail	74649_out_ligand_01.pdbqt
Fail	480_out_ligand_01.pdbqt
Fail	58417_out_ligand_01.pdbqt
Fail	71043_out_ligand_01.pdbqt
Fail	57793_out_ligand_01.pdbqt
Fail	889_out_ligand_01.pdbqt
Fail	58357_out_ligand_01.pdbqt
Fail	8051_out_ligand_01.pdbqt
Fail	8018_out_ligand_01.pdbqt
Fail	53303_out_ligand_01.pdbqt
Fail	58285_out_ligand_01.pdbqt
Fail	27351_out_ligand_01.pdbqt
Fail	41074_out_ligand_01.pdbqt
Fail	38867_out_ligand_01.pdbqt
Fail	53390_out_ligand_01.pdbqt
Fail	41066_out_ligand_01.pdbqt
Fail	71105_out_ligand_01.pdbqt
Fail	57703_out_ligand_01.pdbqt
Fail	38729_out_ligand_01.pdbqt
Fail	41068_out_ligand_01.pdbqt
Fail	29104_out_ligand_01.pdbqt
Fail	29223_out_ligand_01.pdbqt
Fail	76629_out_ligand_01.pdbqt
Fail	76633_out_ligand_01.pdbqt
Fail	76679_out_ligand_01.pdbqt
Fail	77662_out_ligand_01.pdbqt
Fail	73797_out_ligand_01.pdbqt
Fail	15143_out_ligand_01.pdbqt
Fail	15141_out_ligand_01.pdbqt
Fail	58893_out_ligand_01.pdbqt
Fail	13723_out_ligand_01.pdbqt
Fail	15207_out_ligand_01.pdbqt
Fail	42697_out_ligand_01.pdbqt
Fail	3963_out_ligand_01.pdbqt
Fail	3916_out_ligand_01.pdbqt
Fail	15202_out_ligand_01.pdbqt
Fail	62291_out_ligand_01.pdbqt
Fail	48808_out_ligand_01.pdbqt
Fail	17515_out_ligand_01.pdbqt
Fail	60806_out_ligand_01.pdbqt
Fail	67974_out_ligand_01.pdbqt
Fail	34378_out_ligand_01.pdbqt
Fail	73836_out_ligand_01.pdbqt
Fail	63111_out_ligand_01.pdbqt
Fail	5663_out_ligand_01.pdbqt
Fail	83280_out_ligand_01.pdbqt
Fail	1618_out_ligand_01.pdbqt
Fail	35674_out_ligand_01.pdbqt
Fail	72880_out_ligand_01.pdbqt
Fail	17002_out_ligand_01.pdbqt
Fail	69906_out_ligand_01.pdbqt
Fail	3319_out_ligand_01.pdbqt
Fail	55975_out_ligand_01.pdbqt
Fail	30175_out_ligand_01.pdbqt
Fail	11122_out_ligand_01.pdbqt
Fail	35752_out_ligand_01.pdbqt
Fail	4679_out_ligand_01.pdbqt
Fail	15840_out_ligand_01.pdbqt
Fail	2979_out_ligand_01.pdbqt
Fail	24775_out_ligand_01.pdbqt
Fail	83870_out_ligand_01.pdbqt
Fail	tr13739_out_ligand_01.pdbqt
Fail	13055_out_ligand_01.pdbqt
Fail	43390_out_ligand_01.pdbqt
Fail	12617_out_ligand_01.pdbqt
Fail	83940_out_ligand_01.pdbqt
Fail	72917_out_ligand_01.pdbqt
Fail	67113_out_ligand_01.pdbqt
Fail	72145_out_ligand_01.pdbqt
Fail	72650_out_ligand_01.pdbqt
Fail	63600_out_ligand_01.pdbqt
Fail	36276_out_ligand_01.pdbqt
Fail	45364_out_ligand_01.pdbqt
Fail	tr13256_out_ligand_01.pdbqt
Fail	34731_out_ligand_01.pdbqt
Fail	44796_out_ligand_01.pdbqt
Fail	5159_out_ligand_01.pdbqt
Fail	12994_out_ligand_01.pdbqt
Fail	19603_out_ligand_01.pdbqt
Fail	40112_out_ligand_01.pdbqt
Fail	52194_out_ligand_01.pdbqt
Fail	63657_out_ligand_01.pdbqt
Fail	42452_out_ligand_01.pdbqt
Fail	25108_out_ligand_01.pdbqt
Fail	7988_out_ligand_01.pdbqt
Fail	84394_out_ligand_01.pdbqt
Fail	6833_out_ligand_01.pdbqt
Fail	24995_out_ligand_01.pdbqt
Fail	49204_out_ligand_01.pdbqt
Fail	64850_out_ligand_01.pdbqt
Fail	7991_out_ligand_01.pdbqt
Fail	31777_out_ligand_01.pdbqt
Fail	25491_out_ligand_01.pdbqt
Fail	4162_out_ligand_01.pdbqt
Fail	31992_out_ligand_01.pdbqt
Fail	45421_out_ligand_01.pdbqt
Fail	tr13679_out_ligand_01.pdbqt
Fail	81500_out_ligand_01.pdbqt
Fail	23492_out_ligand_01.pdbqt
Fail	81606_out_ligand_01.pdbqt
Fail	81516_out_ligand_01.pdbqt
Fail	81522_out_ligand_01.pdbqt
Fail	870_out_ligand_01.pdbqt
Fail	66615_out_ligand_01.pdbqt
Fail	17122_out_ligand_01.pdbqt
Fail	52607_out_ligand_01.pdbqt
Fail	15757_out_ligand_01.pdbqt
Fail	34837_out_ligand_01.pdbqt
Fail	60401_out_ligand_01.pdbqt
Fail	5160_out_ligand_01.pdbqt
Fail	4844_out_ligand_01.pdbqt
Fail	42060_out_ligand_01.pdbqt
Fail	72013_out_ligand_01.pdbqt
Fail	80466_out_ligand_01.pdbqt
Fail	77582_out_ligand_01.pdbqt
Fail	6905_out_ligand_01.pdbqt
Fail	42136_out_ligand_01.pdbqt
Fail	12654_out_ligand_01.pdbqt
Fail	7168_out_ligand_01.pdbqt
Fail	32219_out_ligand_01.pdbqt
Fail	40305_out_ligand_01.pdbqt
Fail	7019_out_ligand_01.pdbqt
Fail	33668_out_ligand_01.pdbqt
Fail	63546_out_ligand_01.pdbqt
Fail	5235_out_ligand_01.pdbqt
Fail	22034_out_ligand_01.pdbqt
Fail	57543_out_ligand_01.pdbqt
Fail	tr13758_out_ligand_01.pdbqt
Fail	tr1336_out_ligand_01.pdbqt
Fail	tr13350_out_ligand_01.pdbqt
Fail	tr13710_out_ligand_01.pdbqt
Fail	tr13757_out_ligand_01.pdbqt
Fail	tr13184_out_ligand_01.pdbqt
Fail	tr13189_out_ligand_01.pdbqt
Fail	tr13756_out_ligand_01.pdbqt
Fail	tr13737_out_ligand_01.pdbqt
Fail	12627_out_ligand_01.pdbqt
Fail	36068_out_ligand_01.pdbqt
Fail	45349_out_ligand_01.pdbqt
Fail	19172_out_ligand_01.pdbqt
Fail	30650_out_ligand_01.pdbqt
Fail	14378_out_ligand_01.pdbqt
Fail	23022_out_ligand_01.pdbqt
Fail	28570_out_ligand_01.pdbqt
Fail	44150_out_ligand_01.pdbqt
Fail	14397_out_ligand_01.pdbqt
Fail	16676_out_ligand_01.pdbqt
Fail	28577_out_ligand_01.pdbqt
Fail	68289_out_ligand_01.pdbqt
Fail	914_out_ligand_01.pdbqt
Fail	28592_out_ligand_01.pdbqt
Fail	28609_out_ligand_01.pdbqt
Fail	30605_out_ligand_01.pdbqt
Fail	30653_out_ligand_01.pdbqt
Fail	59155_out_ligand_01.pdbqt
Fail	3208_out_ligand_01.pdbqt
Fail	28597_out_ligand_01.pdbqt
Fail	30684_out_ligand_01.pdbqt
Fail	14386_out_ligand_01.pdbqt
Fail	14577_out_ligand_01.pdbqt
Fail	22932_out_ligand_01.pdbqt
Fail	22940_out_ligand_01.pdbqt
Fail	28583_out_ligand_01.pdbqt
Fail	28584_out_ligand_01.pdbqt
Fail	30399_out_ligand_01.pdbqt
Fail	63375_out_ligand_01.pdbqt
Fail	71858_out_ligand_01.pdbqt
Fail	72480_out_ligand_01.pdbqt
Fail	73038_out_ligand_01.pdbqt
Fail	12281_out_ligand_01.pdbqt
Fail	14389_out_ligand_01.pdbqt
Fail	30639_out_ligand_01.pdbqt
Fail	22857_out_ligand_01.pdbqt
Fail	28616_out_ligand_01.pdbqt
Fail	64811_out_ligand_01.pdbqt
Fail	38406_out_ligand_01.pdbqt
Fail	68305_out_ligand_01.pdbqt
Fail	30667_out_ligand_01.pdbqt
Fail	64548_out_ligand_01.pdbqt
Fail	34373_out_ligand_01.pdbqt
Fail	36668_out_ligand_01.pdbqt
Fail	18278_out_ligand_01.pdbqt
Fail	67090_out_ligand_01.pdbqt
Fail	28574_out_ligand_01.pdbqt
Fail	68399_out_ligand_01.pdbqt
Fail	66773_out_ligand_01.pdbqt
Fail	45722_out_ligand_01.pdbqt
Fail	42703_out_ligand_01.pdbqt
Fail	42704_out_ligand_01.pdbqt
Fail	78256_out_ligand_01.pdbqt
Fail	9332_out_ligand_01.pdbqt
Fail	63855_out_ligand_01.pdbqt
Fail	74893_out_ligand_01.pdbqt
Fail	68010_out_ligand_01.pdbqt
Fail	32487_out_ligand_01.pdbqt
Fail	80107_out_ligand_01.pdbqt
Fail	14704_out_ligand_01.pdbqt
Fail	6727_out_ligand_01.pdbqt
Fail	35485_out_ligand_01.pdbqt
Fail	4749_out_ligand_01.pdbqt
Fail	44602_out_ligand_01.pdbqt
Fail	7134_out_ligand_01.pdbqt
Fail	44510_out_ligand_01.pdbqt
Fail	44615_out_ligand_01.pdbqt
Fail	41848_out_ligand_01.pdbqt
Fail	1673_out_ligand_01.pdbqt
Fail	41715_out_ligand_01.pdbqt
Fail	7030_out_ligand_01.pdbqt
Fail	77748_out_ligand_01.pdbqt
Fail	42343_out_ligand_01.pdbqt
Fail	77817_out_ligand_01.pdbqt
Fail	12673_out_ligand_01.pdbqt
Fail	83745_out_ligand_01.pdbqt
Fail	6821_out_ligand_01.pdbqt
Fail	12663_out_ligand_01.pdbqt
Fail	7215_out_ligand_01.pdbqt
Fail	6825_out_ligand_01.pdbqt
Fail	19278_out_ligand_01.pdbqt
Fail	13262_out_ligand_01.pdbqt
Fail	73384_out_ligand_01.pdbqt
Fail	73057_out_ligand_01.pdbqt
Fail	52121_out_ligand_01.pdbqt
Fail	259_out_ligand_01.pdbqt
Fail	11746_out_ligand_01.pdbqt
Fail	25248_out_ligand_01.pdbqt
Fail	79516_out_ligand_01.pdbqt
Fail	26862_out_ligand_01.pdbqt
Fail	18541_out_ligand_01.pdbqt
Fail	65887_out_ligand_01.pdbqt
Fail	45223_out_ligand_01.pdbqt
Fail	45134_out_ligand_01.pdbqt
Fail	65916_out_ligand_01.pdbqt
Fail	65720_out_ligand_01.pdbqt
Fail	57388_out_ligand_01.pdbqt
Fail	18626_out_ligand_01.pdbqt
Fail	57381_out_ligand_01.pdbqt
Fail	21925_out_ligand_01.pdbqt
Fail	27831_out_ligand_01.pdbqt
Fail	7649_out_ligand_01.pdbqt
Fail	27530_out_ligand_01.pdbqt
Fail	7784_out_ligand_01.pdbqt
Fail	27560_out_ligand_01.pdbqt
Fail	16985_out_ligand_01.pdbqt
Fail	4677_out_ligand_01.pdbqt
Fail	63491_out_ligand_01.pdbqt
Fail	1464_out_ligand_01.pdbqt
Fail	16913_out_ligand_01.pdbqt
Fail	33960_out_ligand_01.pdbqt
Fail	30536_out_ligand_01.pdbqt
Fail	35553_out_ligand_01.pdbqt
Fail	44376_out_ligand_01.pdbqt
Fail	13350_out_ligand_01.pdbqt
Fail	30485_out_ligand_01.pdbqt
Fail	36059_out_ligand_01.pdbqt
Fail	25934_out_ligand_01.pdbqt
Fail	15135_out_ligand_01.pdbqt
Fail	56457_out_ligand_01.pdbqt
Fail	70907_out_ligand_01.pdbqt
Fail	45203_out_ligand_01.pdbqt
Fail	15136_out_ligand_01.pdbqt
Fail	62941_out_ligand_01.pdbqt
Fail	18219_out_ligand_01.pdbqt
Fail	26924_out_ligand_01.pdbqt
Fail	54784_out_ligand_01.pdbqt
Fail	24511_out_ligand_01.pdbqt
Fail	6858_out_ligand_01.pdbqt
Fail	51404_out_ligand_01.pdbqt
Fail	77545_out_ligand_01.pdbqt
Fail	76079_out_ligand_01.pdbqt
Fail	51609_out_ligand_01.pdbqt
Fail	51516_out_ligand_01.pdbqt
Fail	19547_out_ligand_01.pdbqt
Fail	51448_out_ligand_01.pdbqt
Fail	400_out_ligand_01.pdbqt
Fail	14952_out_ligand_01.pdbqt
Fail	40257_out_ligand_01.pdbqt
Fail	24553_out_ligand_01.pdbqt
Fail	51729_out_ligand_01.pdbqt
Fail	60732_out_ligand_01.pdbqt
Fail	46475_out_ligand_01.pdbqt
Fail	15490_out_ligand_01.pdbqt
Fail	74774_out_ligand_01.pdbqt
Fail	75143_out_ligand_01.pdbqt
Fail	18481_out_ligand_01.pdbqt
Fail	18559_out_ligand_01.pdbqt
Fail	74549_out_ligand_01.pdbqt
Fail	2250_out_ligand_01.pdbqt
Fail	1859_out_ligand_01.pdbqt
Fail	9030_out_ligand_01.pdbqt
Fail	76548_out_ligand_01.pdbqt
Fail	31160_out_ligand_01.pdbqt
Fail	81889_out_ligand_01.pdbqt
Fail	9112_out_ligand_01.pdbqt
Fail	22645_out_ligand_01.pdbqt
Fail	31559_out_ligand_01.pdbqt
Fail	13624_out_ligand_01.pdbqt
Fail	34204_out_ligand_01.pdbqt
Fail	30145_out_ligand_01.pdbqt
Fail	43185_out_ligand_01.pdbqt
Fail	43719_out_ligand_01.pdbqt
Fail	61042_out_ligand_01.pdbqt
Fail	75522_out_ligand_01.pdbqt
Fail	tr13177_out_ligand_01.pdbqt
Fail	9495_out_ligand_01.pdbqt
Fail	33868_out_ligand_01.pdbqt
Fail	12302_out_ligand_01.pdbqt
Fail	22986_out_ligand_01.pdbqt
Fail	76381_out_ligand_01.pdbqt
Fail	6749_out_ligand_01.pdbqt
Fail	33992_out_ligand_01.pdbqt
Fail	80127_out_ligand_01.pdbqt
Fail	13258_out_ligand_01.pdbqt
Fail	14422_out_ligand_01.pdbqt
Fail	15351_out_ligand_01.pdbqt
Fail	15619_out_ligand_01.pdbqt
Fail	22886_out_ligand_01.pdbqt
Fail	23075_out_ligand_01.pdbqt
Fail	67045_out_ligand_01.pdbqt
Fail	76276_out_ligand_01.pdbqt
Fail	80006_out_ligand_01.pdbqt
Fail	15366_out_ligand_01.pdbqt
Fail	16654_out_ligand_01.pdbqt
Fail	15484_out_ligand_01.pdbqt
Fail	13000_out_ligand_01.pdbqt
Fail	22810_out_ligand_01.pdbqt
Fail	47115_out_ligand_01.pdbqt
Fail	12850_out_ligand_01.pdbqt
Fail	12987_out_ligand_01.pdbqt
Fail	80860_out_ligand_01.pdbqt
Fail	23012_out_ligand_01.pdbqt
Fail	76408_out_ligand_01.pdbqt
Fail	9104_out_ligand_01.pdbqt
Fail	33783_out_ligand_01.pdbqt
Fail	35904_out_ligand_01.pdbqt
Fail	63844_out_ligand_01.pdbqt
Fail	tr13522_out_ligand_01.pdbqt
Fail	1872_out_ligand_01.pdbqt
Fail	1899_out_ligand_01.pdbqt
Fail	9102_out_ligand_01.pdbqt
Fail	64797_out_ligand_01.pdbqt
Fail	52096_out_ligand_01.pdbqt
Fail	12474_out_ligand_01.pdbqt
Fail	52226_out_ligand_01.pdbqt
Fail	73091_out_ligand_01.pdbqt
Fail	82582_out_ligand_01.pdbqt
Fail	64774_out_ligand_01.pdbqt
Fail	68355_out_ligand_01.pdbqt
Fail	64790_out_ligand_01.pdbqt
Fail	33915_out_ligand_01.pdbqt
Fail	tr13502_out_ligand_01.pdbqt
Fail	33782_out_ligand_01.pdbqt
Fail	33970_out_ligand_01.pdbqt
Fail	7045_out_ligand_01.pdbqt
Fail	35703_out_ligand_01.pdbqt
Fail	15918_out_ligand_01.pdbqt
Fail	66900_out_ligand_01.pdbqt
Fail	6448_out_ligand_01.pdbqt
Fail	55765_out_ligand_01.pdbqt
Fail	6440_out_ligand_01.pdbqt
Fail	44769_out_ligand_01.pdbqt
Fail	36476_out_ligand_01.pdbqt
Fail	38041_out_ligand_01.pdbqt
Fail	38047_out_ligand_01.pdbqt
Fail	32436_out_ligand_01.pdbqt
Fail	47142_out_ligand_01.pdbqt
Fail	77587_out_ligand_01.pdbqt
Fail	78171_out_ligand_01.pdbqt
Fail	12660_out_ligand_01.pdbqt
Fail	7018_out_ligand_01.pdbqt
Fail	19071_out_ligand_01.pdbqt
Fail	35927_out_ligand_01.pdbqt
Fail	42333_out_ligand_01.pdbqt
Fail	77757_out_ligand_01.pdbqt
Fail	34139_out_ligand_01.pdbqt
Fail	7034_out_ligand_01.pdbqt
Fail	57475_out_ligand_01.pdbqt
Fail	70383_out_ligand_01.pdbqt
Fail	15347_out_ligand_01.pdbqt
Fail	16181_out_ligand_01.pdbqt
Fail	18771_out_ligand_01.pdbqt
Fail	60805_out_ligand_01.pdbqt
Fail	66078_out_ligand_01.pdbqt
Fail	81937_out_ligand_01.pdbqt
Fail	tr13581_out_ligand_01.pdbqt
Fail	tr13578_out_ligand_01.pdbqt
Fail	tr13580_out_ligand_01.pdbqt
Fail	6810_out_ligand_01.pdbqt
Fail	76991_out_ligand_01.pdbqt
Fail	60573_out_ligand_01.pdbqt
Fail	76881_out_ligand_01.pdbqt
Fail	78359_out_ligand_01.pdbqt
Fail	78696_out_ligand_01.pdbqt
Fail	34834_out_ligand_01.pdbqt
Fail	56151_out_ligand_01.pdbqt
Fail	64580_out_ligand_01.pdbqt
Fail	20246_out_ligand_01.pdbqt
Fail	21382_out_ligand_01.pdbqt
Fail	52550_out_ligand_01.pdbqt
Fail	31497_out_ligand_01.pdbqt
Fail	73132_out_ligand_01.pdbqt
Fail	34489_out_ligand_01.pdbqt
Fail	73100_out_ligand_01.pdbqt
Fail	73133_out_ligand_01.pdbqt
Fail	43336_out_ligand_01.pdbqt
Fail	52540_out_ligand_01.pdbqt
Fail	9734_out_ligand_01.pdbqt
Fail	52560_out_ligand_01.pdbqt
Fail	71946_out_ligand_01.pdbqt
Fail	5022_out_ligand_01.pdbqt
Fail	26744_out_ligand_01.pdbqt
Fail	43589_out_ligand_01.pdbqt
Fail	52538_out_ligand_01.pdbqt
Fail	43236_out_ligand_01.pdbqt
Fail	52561_out_ligand_01.pdbqt
Fail	55861_out_ligand_01.pdbqt
Fail	22803_out_ligand_01.pdbqt
Fail	43399_out_ligand_01.pdbqt
Fail	4947_out_ligand_01.pdbqt
Fail	4956_out_ligand_01.pdbqt
Fail	9676_out_ligand_01.pdbqt
Fail	9706_out_ligand_01.pdbqt
Fail	43360_out_ligand_01.pdbqt
Fail	43601_out_ligand_01.pdbqt
Fail	47194_out_ligand_01.pdbqt
Fail	52570_out_ligand_01.pdbqt
Fail	68302_out_ligand_01.pdbqt
Fail	68313_out_ligand_01.pdbqt
Fail	76400_out_ligand_01.pdbqt
Fail	68376_out_ligand_01.pdbqt
Fail	80224_out_ligand_01.pdbqt
Fail	9730_out_ligand_01.pdbqt
Fail	22813_out_ligand_01.pdbqt
Fail	26745_out_ligand_01.pdbqt
Fail	34494_out_ligand_01.pdbqt
Fail	9712_out_ligand_01.pdbqt
Fail	4839_out_ligand_01.pdbqt
Fail	5081_out_ligand_01.pdbqt
Fail	9736_out_ligand_01.pdbqt
Fail	9738_out_ligand_01.pdbqt
Fail	23068_out_ligand_01.pdbqt
Fail	43158_out_ligand_01.pdbqt
Fail	76388_out_ligand_01.pdbqt
Fail	26737_out_ligand_01.pdbqt
Fail	43433_out_ligand_01.pdbqt
Fail	76374_out_ligand_01.pdbqt
Fail	22811_out_ligand_01.pdbqt
Fail	36096_out_ligand_01.pdbqt
Fail	30735_out_ligand_01.pdbqt
Fail	30744_out_ligand_01.pdbqt
Fail	30851_out_ligand_01.pdbqt
Fail	79541_out_ligand_01.pdbqt
Fail	48386_out_ligand_01.pdbqt
Fail	52265_out_ligand_01.pdbqt
Fail	21795_out_ligand_01.pdbqt
Fail	62239_out_ligand_01.pdbqt
Fail	51494_out_ligand_01.pdbqt
Fail	26989_out_ligand_01.pdbqt
Fail	27096_out_ligand_01.pdbqt
Fail	67403_out_ligand_01.pdbqt
Fail	1429_out_ligand_01.pdbqt
Fail	1729_out_ligand_01.pdbqt
Fail	72754_out_ligand_01.pdbqt
Fail	44959_out_ligand_01.pdbqt
Fail	56180_out_ligand_01.pdbqt
Fail	623_out_ligand_01.pdbqt
Fail	44910_out_ligand_01.pdbqt
Fail	19763_out_ligand_01.pdbqt
Fail	35250_out_ligand_01.pdbqt
Fail	32179_out_ligand_01.pdbqt
Fail	84139_out_ligand_01.pdbqt
Fail	44630_out_ligand_01.pdbqt
Fail	19228_out_ligand_01.pdbqt
Fail	1525_out_ligand_01.pdbqt
Fail	4602_out_ligand_01.pdbqt
Fail	63409_out_ligand_01.pdbqt
Fail	32215_out_ligand_01.pdbqt
Fail	83921_out_ligand_01.pdbqt
Fail	16183_out_ligand_01.pdbqt
Fail	18784_out_ligand_01.pdbqt
Fail	26692_out_ligand_01.pdbqt
Fail	81873_out_ligand_01.pdbqt
Fail	21048_out_ligand_01.pdbqt
Fail	13943_out_ligand_01.pdbqt
Fail	22699_out_ligand_01.pdbqt
Fail	29340_out_ligand_01.pdbqt
Fail	10131_out_ligand_01.pdbqt
Fail	45724_out_ligand_01.pdbqt
Fail	82694_out_ligand_01.pdbqt
Fail	tr13292_out_ligand_01.pdbqt
Fail	tr13290_out_ligand_01.pdbqt
Fail	16605_out_ligand_01.pdbqt
Fail	72693_out_ligand_01.pdbqt
Fail	13444_out_ligand_01.pdbqt
Fail	28132_out_ligand_01.pdbqt
Fail	20364_out_ligand_01.pdbqt
Fail	15891_out_ligand_01.pdbqt
Fail	39134_out_ligand_01.pdbqt
Fail	39153_out_ligand_01.pdbqt
Fail	66737_out_ligand_01.pdbqt
Fail	76936_out_ligand_01.pdbqt
Fail	78307_out_ligand_01.pdbqt
Fail	60533_out_ligand_01.pdbqt
Fail	76941_out_ligand_01.pdbqt
Fail	60672_out_ligand_01.pdbqt
Fail	64220_out_ligand_01.pdbqt
Fail	78626_out_ligand_01.pdbqt
Fail	56349_out_ligand_01.pdbqt
Fail	9278_out_ligand_01.pdbqt
Fail	78716_out_ligand_01.pdbqt
Fail	34911_out_ligand_01.pdbqt
Fail	64202_out_ligand_01.pdbqt
Fail	12249_out_ligand_01.pdbqt
Fail	31384_out_ligand_01.pdbqt
Fail	14486_out_ligand_01.pdbqt
Fail	36021_out_ligand_01.pdbqt
Fail	52140_out_ligand_01.pdbqt
Fail	79499_out_ligand_01.pdbqt
Fail	21005_out_ligand_01.pdbqt
Fail	36031_out_ligand_01.pdbqt
Fail	3241_out_ligand_01.pdbqt
Fail	23855_out_ligand_01.pdbqt
Fail	30606_out_ligand_01.pdbqt
Fail	79521_out_ligand_01.pdbqt
Fail	47110_out_ligand_01.pdbqt
Fail	84706_out_ligand_01.pdbqt
Fail	30615_out_ligand_01.pdbqt
Fail	30646_out_ligand_01.pdbqt
Fail	47123_out_ligand_01.pdbqt
Fail	78551_out_ligand_01.pdbqt
Fail	84699_out_ligand_01.pdbqt
Fail	24053_out_ligand_01.pdbqt
Fail	30655_out_ligand_01.pdbqt
Fail	81379_out_ligand_01.pdbqt
Fail	84403_out_ligand_01.pdbqt
Fail	23993_out_ligand_01.pdbqt
Fail	30638_out_ligand_01.pdbqt
Fail	64727_out_ligand_01.pdbqt
Fail	24248_out_ligand_01.pdbqt
Fail	81314_out_ligand_01.pdbqt
Fail	30641_out_ligand_01.pdbqt
Fail	59029_out_ligand_01.pdbqt
Fail	64621_out_ligand_01.pdbqt
Fail	84704_out_ligand_01.pdbqt
Fail	84406_out_ligand_01.pdbqt
Fail	84397_out_ligand_01.pdbqt

0 pose(s) met criteria.
900 pose(s) were filtered out.
Output file: pose_filter_1-out.maegz
pose_filter terminating normally at Tue Feb  7 14:41:55 2023
Total elapsed time 0.00 hours
