COMMAND:
 /home/jianping/Programs/schrodinger2021-2/epik-v5.6/bin/Linux-x86_64/epik_app -imae /data/Mukuo/Aurora_B/L-score/EViS-main/user_input/results_docking/ligands_mol2/prepwizard_workdir/prepwizard-epik_1.mae -omae prepwizard-epik_1-out.mae -ms 10 -ph 7.0 -pht 2.0 -cg 0.3 0.3 -retain_i -metal_binding
SCHRODINGER: /home/jianping/Programs/schrodinger2021-2

Running Epik version     5.6117
Epik. Copyright Schrodinger, LLC. All rights reserved.

Input file name:                        /data/Mukuo/Aurora_B/L-score/EViS-main/user_input/results_docking/ligands_mol2/prepwizard_workdir/prepwizard-epik_1.mae
Output file name:                       prepwizard-epik_1-out.mae
Maximum number of states set to: 10
Structure adjustment calculation requested.
  Target pH set to 7.000
pHt tolerance set to 2.000000e+00
Both connectivity and geometry used in determining redundant structures.
  Structures are distinct if: 
    any position differs by more than 3.000000e-01
    the rms difference in positions is larger than 3.000000e-01
Retain ionization state turned on
Metal binding mode turned on.

Adjusting structures for pH 7.000000e+00 and minimum probability 1.000000e-02
Solvent model name:                     water
[running at reduced cpu priority]
JobID:                                  jianping-X12DAi-N6-0-63e1eba2
---------------------------
Processing Input Structure #1
        Title: 
WARNING Missing twin_sigma ortho value for Nitrogen+(aromatic coupled). Using a value of 0.0.
WARNING Missing twin_sigma ortho value for Nitrogen+(aromatic coupled). Using a value of 0.0.
WARNING Missing twin_sigma ortho value for Nitrogen+(aromatic coupled). Using a value of 0.0.
WARNING Missing twin_sigma ortho value for Nitrogen+(aromatic coupled). Using a value of 0.0.
WARNING Missing twin_sigma ortho value for Nitrogen+(aromatic coupled). Using a value of 0.0.
WARNING Missing twin_sigma ortho value for Nitrogen+(aromatic coupled). Using a value of 0.0.
WARNING Missing twin_sigma ortho value for Nitrogen+(aromatic coupled). Using a value of 0.0.
WARNING Missing twin_sigma ortho value for Nitrogen+(aromatic coupled). Using a value of 0.0.
WARNING Missing twin_sigma ortho value for Nitrogen+(aromatic coupled). Using a value of 0.0.
WARNING Missing twin_sigma ortho value for Nitrogen+(aromatic coupled). Using a value of 0.0.
WARNING Missing twin_sigma ortho value for Nitrogen+(aromatic coupled). Using a value of 0.0.
WARNING Missing twin_sigma ortho value for Nitrogen+(aromatic coupled). Using a value of 0.0.
WARNING Missing twin_sigma ortho value for Nitrogen+(aromatic coupled). Using a value of 0.0.
WARNING Missing twin_sigma ortho value for Nitrogen+(aromatic coupled). Using a value of 0.0.
WARNING Missing twin_sigma ortho value for Nitrogen+(aromatic coupled). Using a value of 0.0.
WARNING Missing twin_sigma ortho value for Nitrogen+(aromatic coupled). Using a value of 0.0.
WARNING Missing twin_sigma ortho value for Nitrogen+(aromatic coupled). Using a value of 0.0.
WARNING Missing twin_sigma ortho value for Nitrogen+(aromatic coupled). Using a value of 0.0.
WARNING Missing twin_sigma ortho value for Nitrogen+(aromatic coupled). Using a value of 0.0.
WARNING Missing twin_sigma ortho value for Nitrogen+(aromatic coupled). Using a value of 0.0.
WARNING Missing twin_sigma ortho value for Nitrogen+(aromatic coupled). Using a value of 0.0.
WARNING Missing twin_sigma ortho value for Nitrogen+(aromatic coupled). Using a value of 0.0.
WARNING Missing twin_sigma ortho value for Nitrogen+(aromatic coupled). Using a value of 0.0.
WARNING Missing twin_sigma ortho value for Nitrogen+(aromatic coupled). Using a value of 0.0.
WARNING Missing twin_sigma ortho value for Nitrogen+(aromatic coupled). Using a value of 0.0.
WARNING Missing twin_sigma ortho value for Nitrogen+(aromatic coupled). Using a value of 0.0.
WARNING Missing twin_sigma ortho value for Nitrogen+(aromatic coupled). Using a value of 0.0.
WARNING Missing twin_sigma ortho value for Nitrogen+(aromatic coupled). Using a value of 0.0.
WARNING Missing twin_sigma ortho value for Nitrogen+(aromatic coupled). Using a value of 0.0.
WARNING Missing twin_sigma ortho value for Nitrogen+(aromatic coupled). Using a value of 0.0.
WARNING Missing twin_sigma ortho value for Nitrogen+(aromatic coupled). Using a value of 0.0.
WARNING Missing twin_sigma ortho value for Nitrogen+(aromatic coupled). Using a value of 0.0.
WARNING Missing twin_sigma ortho value for Nitrogen+(aromatic coupled). Using a value of 0.0.
WARNING Missing twin_sigma ortho value for Nitrogen+(aromatic coupled). Using a value of 0.0.
WARNING Missing twin_sigma ortho value for Nitrogen+(aromatic coupled). Using a value of 0.0.
WARNING Missing twin_sigma ortho value for Nitrogen+(aromatic coupled). Using a value of 0.0.
WARNING Missing twin_sigma ortho value for Nitrogen+(aromatic coupled). Using a value of 0.0.
WARNING Missing twin_sigma ortho value for Nitrogen+(aromatic coupled). Using a value of 0.0.
WARNING Missing twin_sigma ortho value for Nitrogen+(aromatic coupled). Using a value of 0.0.
WARNING Missing twin_sigma ortho value for Nitrogen+(aromatic coupled). Using a value of 0.0.
WARNING Missing twin_sigma ortho value for Nitrogen+(aromatic coupled). Using a value of 0.0.
WARNING Missing twin_sigma ortho value for Nitrogen+(aromatic coupled). Using a value of 0.0.
WARNING Missing twin_sigma ortho value for Nitrogen+(aromatic coupled). Using a value of 0.0.
WARNING Missing twin_sigma ortho value for Nitrogen+(aromatic coupled). Using a value of 0.0.
WARNING Missing twin_sigma ortho value for Nitrogen+(aromatic coupled). Using a value of 0.0.
WARNING Missing twin_sigma ortho value for Nitrogen+(aromatic coupled). Using a value of 0.0.
WARNING Missing twin_sigma ortho value for Nitrogen+(aromatic coupled). Using a value of 0.0.
WARNING Missing twin_sigma ortho value for Nitrogen+(aromatic coupled). Using a value of 0.0.
WARNING Missing twin_sigma ortho value for Nitrogen+(aromatic coupled). Using a value of 0.0.
WARNING Missing twin_sigma ortho value for Nitrogen+(aromatic coupled). Using a value of 0.0.
WARNING Missing twin_sigma ortho value for Nitrogen+(aromatic coupled). Using a value of 0.0.
WARNING Missing twin_sigma ortho value for Nitrogen+(aromatic coupled). Using a value of 0.0.
WARNING Missing twin_sigma ortho value for Nitrogen+(aromatic coupled). Using a value of 0.0.
WARNING Missing twin_sigma ortho value for Nitrogen+(aromatic coupled). Using a value of 0.0.
WARNING Missing twin_sigma ortho value for Nitrogen+(aromatic coupled). Using a value of 0.0.
WARNING Missing twin_sigma ortho value for Nitrogen+(aromatic coupled). Using a value of 0.0.
WARNING Missing twin_sigma ortho value for Nitrogen+(aromatic coupled). Using a value of 0.0.
WARNING Missing twin_sigma ortho value for Nitrogen+(aromatic coupled). Using a value of 0.0.
WARNING Missing twin_sigma ortho value for Nitrogen+(aromatic coupled). Using a value of 0.0.
WARNING Missing twin_sigma ortho value for Nitrogen+(aromatic coupled). Using a value of 0.0.
WARNING Missing twin_sigma ortho value for Nitrogen+(aromatic coupled). Using a value of 0.0.
WARNING Missing twin_sigma ortho value for Nitrogen+(aromatic coupled). Using a value of 0.0.
WARNING Missing twin_sigma ortho value for Nitrogen+(aromatic coupled). Using a value of 0.0.
WARNING Missing twin_sigma ortho value for Nitrogen+(aromatic coupled). Using a value of 0.0.
WARNING Missing twin_sigma ortho value for Nitrogen+(aromatic coupled). Using a value of 0.0.
WARNING Missing twin_sigma ortho value for Nitrogen+(aromatic coupled). Using a value of 0.0.
WARNING Missing twin_sigma ortho value for Nitrogen+(aromatic coupled). Using a value of 0.0.
WARNING Missing twin_sigma ortho value for Nitrogen+(aromatic coupled). Using a value of 0.0.
WARNING Missing twin_sigma ortho value for Nitrogen+(aromatic coupled). Using a value of 0.0.
WARNING Missing twin_sigma ortho value for Nitrogen+(aromatic coupled). Using a value of 0.0.
WARNING Missing twin_sigma ortho value for Nitrogen+(aromatic coupled). Using a value of 0.0.
WARNING Missing twin_sigma ortho value for Nitrogen+(aromatic coupled). Using a value of 0.0.
WARNING Missing twin_sigma ortho value for Nitrogen+(aromatic coupled). Using a value of 0.0.
WARNING Missing twin_sigma ortho value for Nitrogen+(aromatic coupled). Using a value of 0.0.
WARNING Missing twin_sigma ortho value for Nitrogen+(aromatic coupled). Using a value of 0.0.
WARNING Missing twin_sigma ortho value for Nitrogen+(aromatic coupled). Using a value of 0.0.
WARNING Missing twin_sigma ortho value for Nitrogen+(aromatic coupled). Using a value of 0.0.
WARNING Missing twin_sigma ortho value for Nitrogen+(aromatic coupled). Using a value of 0.0.
WARNING Missing twin_sigma ortho value for Nitrogen+(aromatic coupled). Using a value of 0.0.
WARNING Missing twin_sigma ortho value for Nitrogen+(aromatic coupled). Using a value of 0.0.
WARNING Missing twin_sigma ortho value for Nitrogen+(aromatic coupled). Using a value of 0.0.
WARNING Missing twin_sigma ortho value for Nitrogen+(aromatic coupled). Using a value of 0.0.
WARNING Missing twin_sigma ortho value for Nitrogen+(aromatic coupled). Using a value of 0.0.
WARNING Missing twin_sigma ortho value for Nitrogen+(aromatic coupled). Using a value of 0.0.
WARNING Missing twin_sigma ortho value for Nitrogen+(aromatic coupled). Using a value of 0.0.
WARNING Missing twin_sigma ortho value for Nitrogen+(aromatic coupled). Using a value of 0.0.
WARNING Missing twin_sigma ortho value for Nitrogen+(aromatic coupled). Using a value of 0.0.
WARNING Missing twin_sigma ortho value for Nitrogen+(aromatic coupled). Using a value of 0.0.
WARNING Missing twin_sigma ortho value for Nitrogen+(aromatic coupled). Using a value of 0.0.
WARNING Missing twin_sigma ortho value for Nitrogen+(aromatic coupled). Using a value of 0.0.
WARNING Missing twin_sigma ortho value for Nitrogen+(aromatic coupled). Using a value of 0.0.
WARNING Missing twin_sigma ortho value for Nitrogen+(aromatic coupled). Using a value of 0.0.
WARNING Missing twin_sigma ortho value for Nitrogen+(aromatic coupled). Using a value of 0.0.
WARNING Missing twin_sigma ortho value for Nitrogen+(aromatic coupled). Using a value of 0.0.
WARNING Missing twin_sigma ortho value for Nitrogen+(aromatic coupled). Using a value of 0.0.
WARNING Missing twin_sigma ortho value for Nitrogen+(aromatic coupled). Using a value of 0.0.
WARNING Missing twin_sigma ortho value for Nitrogen+(aromatic coupled). Using a value of 0.0.
WARNING Missing twin_sigma ortho value for Nitrogen+(aromatic coupled). Using a value of 0.0.
WARNING Missing twin_sigma ortho value for Nitrogen+(aromatic coupled). Using a value of 0.0.
WARNING Missing twin_sigma ortho value for Nitrogen+(aromatic coupled). Using a value of 0.0.
WARNING Missing twin_sigma ortho value for Nitrogen+(aromatic coupled). Using a value of 0.0.
WARNING Missing twin_sigma ortho value for Nitrogen+(aromatic coupled). Using a value of 0.0.
WARNING Missing twin_sigma ortho value for Nitrogen+(aromatic coupled). Using a value of 0.0.
WARNING Missing twin_sigma ortho value for Nitrogen+(aromatic coupled). Using a value of 0.0.
WARNING Missing twin_sigma ortho value for Nitrogen+(aromatic coupled). Using a value of 0.0.
WARNING Missing twin_sigma ortho value for Nitrogen+(aromatic coupled). Using a value of 0.0.
WARNING Missing twin_sigma ortho value for Nitrogen+(aromatic coupled). Using a value of 0.0.
WARNING Missing twin_sigma ortho value for Nitrogen+(aromatic coupled). Using a value of 0.0.
WARNING Missing twin_sigma ortho value for Nitrogen+(aromatic coupled). Using a value of 0.0.
WARNING Missing twin_sigma ortho value for Nitrogen+(aromatic coupled). Using a value of 0.0.
WARNING Missing twin_sigma ortho value for Nitrogen+(aromatic coupled). Using a value of 0.0.
WARNING Missing twin_sigma ortho value for Nitrogen+(aromatic coupled). Using a value of 0.0.
WARNING Missing twin_sigma ortho value for Nitrogen+(aromatic coupled). Using a value of 0.0.
WARNING Missing twin_sigma ortho value for Nitrogen+(aromatic coupled). Using a value of 0.0.
WARNING Missing twin_sigma ortho value for Nitrogen+(aromatic coupled). Using a value of 0.0.
WARNING Missing twin_sigma ortho value for Nitrogen+(aromatic coupled). Using a value of 0.0.
WARNING Missing twin_sigma ortho value for Nitrogen+(aromatic coupled). Using a value of 0.0.
WARNING Missing twin_sigma ortho value for Nitrogen+(aromatic coupled). Using a value of 0.0.
WARNING Missing twin_sigma ortho value for Nitrogen+(aromatic coupled). Using a value of 0.0.
WARNING Missing twin_sigma ortho value for Nitrogen+(aromatic coupled). Using a value of 0.0.
WARNING Missing twin_sigma ortho value for Nitrogen+(aromatic coupled). Using a value of 0.0.
WARNING Missing twin_sigma ortho value for Nitrogen+(aromatic coupled). Using a value of 0.0.
WARNING Missing twin_sigma ortho value for Nitrogen+(aromatic coupled). Using a value of 0.0.
WARNING Missing twin_sigma ortho value for Nitrogen+(aromatic coupled). Using a value of 0.0.
WARNING Missing twin_sigma ortho value for Nitrogen+(aromatic coupled). Using a value of 0.0.
WARNING Missing twin_sigma ortho value for Nitrogen+(aromatic coupled). Using a value of 0.0.
WARNING Missing twin_sigma ortho value for Nitrogen+(aromatic coupled). Using a value of 0.0.
WARNING Missing twin_sigma ortho value for Nitrogen+(aromatic coupled). Using a value of 0.0.
WARNING Missing twin_sigma ortho value for Nitrogen+(aromatic coupled). Using a value of 0.0.
WARNING Missing twin_sigma ortho value for Nitrogen+(aromatic coupled). Using a value of 0.0.
WARNING Missing twin_sigma ortho value for Nitrogen+(aromatic coupled). Using a value of 0.0.
WARNING Missing twin_sigma ortho value for Nitrogen+(aromatic coupled). Using a value of 0.0.
WARNING Missing twin_sigma ortho value for Nitrogen+(aromatic coupled). Using a value of 0.0.
WARNING Missing twin_sigma ortho value for Nitrogen+(aromatic coupled). Using a value of 0.0.
WARNING Missing twin_sigma ortho value for Nitrogen+(aromatic coupled). Using a value of 0.0.
WARNING Missing twin_sigma ortho value for Nitrogen+(aromatic coupled). Using a value of 0.0.
WARNING Missing twin_sigma ortho value for Nitrogen+(aromatic coupled). Using a value of 0.0.
                                              Calculated pKas
                                                 Conjugate
                                          Atom   Acid/Base  pKa
. . . . . . . . . . . . . . . . . . . . . . .
Variation: 1
                                            56   Conj_Acid 14.36
                                            48   Conj_Acid 15.42
                                            18   Conj_Base -2.37
                                             1   Conj_Base  7.43
                                             4   Conj_Base -0.71
                                            19   Conj_Base  4.17
                                            11   Conj_Base  8.32
                                            13   Conj_Base  6.09
                                            46   Conj_Acid 13.13
                                            30   Conj_Base  2.66
 pKa penalty:                                 2.67 kcal/mol
     Charging penalty:                        0.00 kcal/mol
     Neutralization penalty:                  2.67 kcal/mol
 Overall Penalty (tautomerization included):  2.10 kcal/mol
 Total Charge: 0
 Metal Penalty:                               0.80 kcal/mol
. . . . . . . . . . . . . . . . . . . . . . .
Variation: 2
                                            56   Conj_Acid 14.36
                                            48   Conj_Acid 14.47
                                            19   Conj_Base -2.66
                                             1   Conj_Base  7.43
                                             4   Conj_Base -0.76
                                            18   Conj_Base  3.34
                                            11   Conj_Base  8.07
                                            13   Conj_Base  6.00
                                            46   Conj_Acid 13.13
                                            30   Conj_Base  2.66
 pKa penalty:                                 2.34 kcal/mol
     Charging penalty:                        0.00 kcal/mol
     Neutralization penalty:                  2.34 kcal/mol
 Overall Penalty (tautomerization included):  3.16 kcal/mol
 Total Charge: 0
 Metal Penalty:                               2.18 kcal/mol
. . . . . . . . . . . . . . . . . . . . . . .
Variation: 3
                                            56   Conj_Acid 14.36
                                            48   Conj_Acid 15.42
                                            18   Conj_Base -2.37
                                            62   Conj_Acid  7.43
                                            19   Conj_Base  4.17
                                            11   Conj_Base  6.76
                                            13   Conj_Base  3.85
                                             4   Conj_Base -1.71
                                            46   Conj_Acid 12.96
                                            30   Conj_Base  2.66
 pKa penalty:                                 0.46 kcal/mol
     Charging penalty:                        0.19 kcal/mol
     Neutralization penalty:                  0.27 kcal/mol
 Overall Penalty (tautomerization included):  1.09 kcal/mol
 Total Charge: 1
 Metal Penalty:                               1.34 kcal/mol
. . . . . . . . . . . . . . . . . . . . . . .
Variation: 4
                                            56   Conj_Acid 14.36
                                            48   Conj_Acid 15.42
                                            18   Conj_Base -2.37
                                             1   Conj_Base  7.43
                                             4   Conj_Base -0.71
                                            19   Conj_Base  4.17
                                            11   Conj_Base  8.32
                                            13   Conj_Base  6.09
                                            46   Conj_Acid 13.13
                                            30   Conj_Base  2.66
 pKa penalty:                                 2.67 kcal/mol
     Charging penalty:                        0.00 kcal/mol
     Neutralization penalty:                  2.67 kcal/mol
 Overall Penalty (tautomerization included):  2.10 kcal/mol
 Total Charge: 0
 Metal Penalty:                               0.80 kcal/mol
. . . . . . . . . . . . . . . . . . . . . . .
Variation: 5
                                            56   Conj_Acid 14.39
                                            48   Conj_Acid 15.42
                                            18   Conj_Base -2.37
                                            62   Conj_Acid  7.43
                                            19   Conj_Base  4.17
                                            63   Conj_Acid  6.76
                                            46   Conj_Acid 10.45
                                            30   Conj_Base  2.66
 pKa penalty:                                 0.78 kcal/mol
     Charging penalty:                        0.78 kcal/mol
     Neutralization penalty:                  0.00 kcal/mol
 Overall Penalty (tautomerization included):  0.68 kcal/mol
 Total Charge: 2
 Metal Penalty:                               1.20 kcal/mol
. . . . . . . . . . . . . . . . . . . . . . .
Variation: 6
                                            56   Conj_Acid 14.39
                                            48   Conj_Acid 14.47
                                            19   Conj_Base -2.66
                                             1   Conj_Base  7.43
                                            18   Conj_Base  3.34
                                            62   Conj_Acid  8.07
                                            46   Conj_Acid 10.67
                                            30   Conj_Base  2.66
 pKa penalty:                                 0.82 kcal/mol
     Charging penalty:                        0.05 kcal/mol
     Neutralization penalty:                  0.78 kcal/mol
 Overall Penalty (tautomerization included):  1.61 kcal/mol
 Total Charge: 1
 Metal Penalty:                               2.13 kcal/mol
. . . . . . . . . . . . . . . . . . . . . . .
Variation: 7
                                            56   Conj_Acid 14.39
                                            48   Conj_Acid 15.42
                                            18   Conj_Base -2.37
                                             1   Conj_Base  7.43
                                            19   Conj_Base  4.17
                                            62   Conj_Acid  8.32
                                            46   Conj_Acid 10.67
                                            30   Conj_Base  2.66
 pKa penalty:                                 0.80 kcal/mol
     Charging penalty:                        0.03 kcal/mol
     Neutralization penalty:                  0.78 kcal/mol
 Overall Penalty (tautomerization included):  0.55 kcal/mol
 Total Charge: 1
 Metal Penalty:                               1.07 kcal/mol
. . . . . . . . . . . . . . . . . . . . . . .
Variation: 8
                                            56   Conj_Acid 14.36
                                            48   Conj_Acid 14.47
                                            19   Conj_Base -2.66
                                             1   Conj_Base  7.43
                                             4   Conj_Base -0.76
                                            18   Conj_Base  3.34
                                            11   Conj_Base  8.07
                                            13   Conj_Base  6.00
                                            46   Conj_Acid 13.13
                                            30   Conj_Base  2.66
 pKa penalty:                                 2.34 kcal/mol
     Charging penalty:                        0.00 kcal/mol
     Neutralization penalty:                  2.34 kcal/mol
 Overall Penalty (tautomerization included):  3.07 kcal/mol
 Total Charge: 0
 Metal Penalty:                               2.09 kcal/mol
 Structure generated due to metal binding treatment.
---------------------------

Job completed at Tue Feb  7 14:11:52 2023
Elapsed time: 6.42718s
